This file contains any messages produced by compilers while
running configure, to aid debugging if configure makes a mistake.

It was created by libcoap configure 4.1.1, which was
generated by GNU Autoconf 2.69.  Invocation command line was

  $ ./configure --host=avr CC=avr-gcc C_EXTRA_FLAGS=-mmcu=atmega2560 -DATMEGA2560

## --------- ##
## Platform. ##
## --------- ##

hostname = precious
uname -m = x86_64
uname -r = 3.8.0-37-generic
uname -s = Linux
uname -v = #53~precise1-Ubuntu SMP Wed Feb 19 21:37:54 UTC 2014

/usr/bin/uname -p = unknown
/bin/uname -X     = unknown

/bin/arch              = unknown
/usr/bin/arch -k       = unknown
/usr/convex/getsysinfo = unknown
/usr/bin/hostinfo      = unknown
/bin/machine           = unknown
/usr/bin/oslevel       = unknown
/bin/universe          = unknown

PATH: /tmp/automake/home/sachin/jdk1.7.0_51/bin
PATH: /usr/lib/lightdm/lightdm
PATH: /usr/local/sbin
PATH: /usr/local/bin
PATH: /usr/sbin
PATH: /usr/bin
PATH: /sbin
PATH: /bin
PATH: /usr/games
PATH: /home/sachin/android/adt-bundle-linux-x86_64-20131030/sdk/tools
PATH: /home/sachin/android/adt-bundle-linux-x86_64-20131030/sdk/platform-tools
PATH: /var/tmp/android-14/bin


## ----------- ##
## Core tests. ##
## ----------- ##

configure:2175: checking whether make sets $(MAKE)
configure:2197: result: yes
configure:2214: checking for avr-gcc
configure:2241: result: avr-gcc
configure:2510: checking for C compiler version
configure:2519: avr-gcc --version >&5
avr-gcc (GCC) 4.5.3
Copyright (C) 2010 Free Software Foundation, Inc.
This is free software; see the source for copying conditions.  There is NO
warranty; not even for MERCHANTABILITY or FITNESS FOR A PARTICULAR PURPOSE.

configure:2530: $? = 0
configure:2519: avr-gcc -v >&5
Using built-in specs.
COLLECT_GCC=avr-gcc
COLLECT_LTO_WRAPPER=/usr/lib/gcc/avr/4.5.3/lto-wrapper
Target: avr
Configured with: ../src/configure -v --enable-languages=c,c++ --prefix=/usr/lib --infodir=/usr/share/info --mandir=/usr/share/man --bindir=/usr/bin --libexecdir=/usr/lib --libdir=/usr/lib --enable-shared --with-system-zlib --enable-long-long --enable-nls --without-included-gettext --disable-libssp --build=x86_64-linux-gnu --host=x86_64-linux-gnu --target=avr
Thread model: single
gcc version 4.5.3 (GCC) 
configure:2530: $? = 0
configure:2519: avr-gcc -V >&5
avr-gcc: '-V' option must have argument
configure:2530: $? = 1
configure:2519: avr-gcc -qversion >&5
avr-gcc: unrecognized option '-qversion'
avr-gcc: no input files
configure:2530: $? = 1
configure:2550: checking whether the C compiler works
configure:2572: avr-gcc    conftest.c  >&5
configure:2576: $? = 0
configure:2624: result: yes
configure:2627: checking for C compiler default output file name
configure:2629: result: a.out
configure:2635: checking for suffix of executables
configure:2642: avr-gcc -o conftest    conftest.c  >&5
configure:2646: $? = 0
configure:2668: result: 
configure:2690: checking whether we are cross compiling
configure:2698: avr-gcc -o conftest    conftest.c  >&5
conftest.c: In function 'main':
conftest.c:13:11: warning: initialization makes pointer from integer without a cast
/tmp/ccBLEQG0.o: In function `main':
conftest.c:(.text+0x16): undefined reference to `fopen'
/usr/lib/gcc/avr/4.5.3/../../../avr/lib/libc.a(malloc.o): In function `malloc':
/build/buildd/avr-libc-1.7.1/avr/lib/avr2/../../../libc/stdlib/malloc.c:80: undefined reference to `__heap_end'
collect2: ld returned 1 exit status
configure:2702: $? = 1
configure:2709: ./conftest
./configure: line 2711: ./conftest: No such file or directory
configure:2713: $? = 127
configure:2728: result: yes
configure:2733: checking for suffix of object files
configure:2755: avr-gcc -c   conftest.c >&5
configure:2759: $? = 0
configure:2780: result: o
configure:2784: checking whether we are using the GNU C compiler
configure:2803: avr-gcc -c   conftest.c >&5
configure:2803: $? = 0
configure:2812: result: yes
configure:2821: checking whether avr-gcc accepts -g
configure:2841: avr-gcc -c -g  conftest.c >&5
configure:2841: $? = 0
configure:2882: result: yes
configure:2899: checking for avr-gcc option to accept ISO C89
configure:2962: avr-gcc  -c -g -O2  conftest.c >&5
configure:2962: $? = 0
configure:2975: result: none needed
configure:2998: checking for avr-ranlib
configure:3014: found /usr/bin/avr-ranlib
configure:3025: result: avr-ranlib
configure:3089: checking for doxygen
configure:3107: found /usr/bin/doxygen
configure:3120: result: /usr/bin/doxygen
configure:3130: checking for etags
configure:3161: result: /bin/false
configure:3176: checking how to run the C preprocessor
configure:3207: avr-gcc -E  conftest.c
configure:3207: $? = 0
configure:3221: avr-gcc -E  conftest.c
conftest.c:9:28: fatal error: ac_nonexistent.h: No such file or directory
compilation terminated.
configure:3221: $? = 1
configure: failed program was:
| /* confdefs.h */
| #define PACKAGE_NAME "libcoap"
| #define PACKAGE_TARNAME "libcoap"
| #define PACKAGE_VERSION "4.1.1"
| #define PACKAGE_STRING "libcoap 4.1.1"
| #define PACKAGE_BUGREPORT ""
| #define PACKAGE_URL ""
| /* end confdefs.h.  */
| #include <ac_nonexistent.h>
configure:3246: result: avr-gcc -E
configure:3266: avr-gcc -E  conftest.c
configure:3266: $? = 0
configure:3280: avr-gcc -E  conftest.c
conftest.c:9:28: fatal error: ac_nonexistent.h: No such file or directory
compilation terminated.
configure:3280: $? = 1
configure: failed program was:
| /* confdefs.h */
| #define PACKAGE_NAME "libcoap"
| #define PACKAGE_TARNAME "libcoap"
| #define PACKAGE_VERSION "4.1.1"
| #define PACKAGE_STRING "libcoap 4.1.1"
| #define PACKAGE_BUGREPORT ""
| #define PACKAGE_URL ""
| /* end confdefs.h.  */
| #include <ac_nonexistent.h>
configure:3309: checking for grep that handles long lines and -e
configure:3367: result: /bin/grep
configure:3372: checking for egrep
configure:3434: result: /bin/grep -E
configure:3439: checking for ANSI C header files
configure:3459: avr-gcc -c -g -O2  conftest.c >&5
configure:3459: $? = 0
configure:3543: result: yes
configure:3556: checking for sys/types.h
configure:3556: avr-gcc -c -g -O2  conftest.c >&5
conftest.c:44:23: fatal error: sys/types.h: No such file or directory
compilation terminated.
configure:3556: $? = 1
configure: failed program was:
| /* confdefs.h */
| #define PACKAGE_NAME "libcoap"
| #define PACKAGE_TARNAME "libcoap"
| #define PACKAGE_VERSION "4.1.1"
| #define PACKAGE_STRING "libcoap 4.1.1"
| #define PACKAGE_BUGREPORT ""
| #define PACKAGE_URL ""
| #define STDC_HEADERS 1
| /* end confdefs.h.  */
| #include <stdio.h>
| #ifdef HAVE_SYS_TYPES_H
| # include <sys/types.h>
| #endif
| #ifdef HAVE_SYS_STAT_H
| # include <sys/stat.h>
| #endif
| #ifdef STDC_HEADERS
| # include <stdlib.h>
| # include <stddef.h>
| #else
| # ifdef HAVE_STDLIB_H
| #  include <stdlib.h>
| # endif
| #endif
| #ifdef HAVE_STRING_H
| # if !defined STDC_HEADERS && defined HAVE_MEMORY_H
| #  include <memory.h>
| # endif
| # include <string.h>
| #endif
| #ifdef HAVE_STRINGS_H
| # include <strings.h>
| #endif
| #ifdef HAVE_INTTYPES_H
| # include <inttypes.h>
| #endif
| #ifdef HAVE_STDINT_H
| # include <stdint.h>
| #endif
| #ifdef HAVE_UNISTD_H
| # include <unistd.h>
| #endif
| 
| #include <sys/types.h>
configure:3556: result: no
configure:3556: checking for sys/stat.h
configure:3556: avr-gcc -c -g -O2  conftest.c >&5
conftest.c:44:22: fatal error: sys/stat.h: No such file or directory
compilation terminated.
configure:3556: $? = 1
configure: failed program was:
| /* confdefs.h */
| #define PACKAGE_NAME "libcoap"
| #define PACKAGE_TARNAME "libcoap"
| #define PACKAGE_VERSION "4.1.1"
| #define PACKAGE_STRING "libcoap 4.1.1"
| #define PACKAGE_BUGREPORT ""
| #define PACKAGE_URL ""
| #define STDC_HEADERS 1
| /* end confdefs.h.  */
| #include <stdio.h>
| #ifdef HAVE_SYS_TYPES_H
| # include <sys/types.h>
| #endif
| #ifdef HAVE_SYS_STAT_H
| # include <sys/stat.h>
| #endif
| #ifdef STDC_HEADERS
| # include <stdlib.h>
| # include <stddef.h>
| #else
| # ifdef HAVE_STDLIB_H
| #  include <stdlib.h>
| # endif
| #endif
| #ifdef HAVE_STRING_H
| # if !defined STDC_HEADERS && defined HAVE_MEMORY_H
| #  include <memory.h>
| # endif
| # include <string.h>
| #endif
| #ifdef HAVE_STRINGS_H
| # include <strings.h>
| #endif
| #ifdef HAVE_INTTYPES_H
| # include <inttypes.h>
| #endif
| #ifdef HAVE_STDINT_H
| # include <stdint.h>
| #endif
| #ifdef HAVE_UNISTD_H
| # include <unistd.h>
| #endif
| 
| #include <sys/stat.h>
configure:3556: result: no
configure:3556: checking for stdlib.h
configure:3556: avr-gcc -c -g -O2  conftest.c >&5
configure:3556: $? = 0
configure:3556: result: yes
configure:3556: checking for string.h
configure:3556: avr-gcc -c -g -O2  conftest.c >&5
configure:3556: $? = 0
configure:3556: result: yes
configure:3556: checking for memory.h
configure:3556: avr-gcc -c -g -O2  conftest.c >&5
conftest.c:46:20: fatal error: memory.h: No such file or directory
compilation terminated.
configure:3556: $? = 1
configure: failed program was:
| /* confdefs.h */
| #define PACKAGE_NAME "libcoap"
| #define PACKAGE_TARNAME "libcoap"
| #define PACKAGE_VERSION "4.1.1"
| #define PACKAGE_STRING "libcoap 4.1.1"
| #define PACKAGE_BUGREPORT ""
| #define PACKAGE_URL ""
| #define STDC_HEADERS 1
| #define HAVE_STDLIB_H 1
| #define HAVE_STRING_H 1
| /* end confdefs.h.  */
| #include <stdio.h>
| #ifdef HAVE_SYS_TYPES_H
| # include <sys/types.h>
| #endif
| #ifdef HAVE_SYS_STAT_H
| # include <sys/stat.h>
| #endif
| #ifdef STDC_HEADERS
| # include <stdlib.h>
| # include <stddef.h>
| #else
| # ifdef HAVE_STDLIB_H
| #  include <stdlib.h>
| # endif
| #endif
| #ifdef HAVE_STRING_H
| # if !defined STDC_HEADERS && defined HAVE_MEMORY_H
| #  include <memory.h>
| # endif
| # include <string.h>
| #endif
| #ifdef HAVE_STRINGS_H
| # include <strings.h>
| #endif
| #ifdef HAVE_INTTYPES_H
| # include <inttypes.h>
| #endif
| #ifdef HAVE_STDINT_H
| # include <stdint.h>
| #endif
| #ifdef HAVE_UNISTD_H
| # include <unistd.h>
| #endif
| 
| #include <memory.h>
configure:3556: result: no
configure:3556: checking for strings.h
configure:3556: avr-gcc -c -g -O2  conftest.c >&5
conftest.c:46:21: fatal error: strings.h: No such file or directory
compilation terminated.
configure:3556: $? = 1
configure: failed program was:
| /* confdefs.h */
| #define PACKAGE_NAME "libcoap"
| #define PACKAGE_TARNAME "libcoap"
| #define PACKAGE_VERSION "4.1.1"
| #define PACKAGE_STRING "libcoap 4.1.1"
| #define PACKAGE_BUGREPORT ""
| #define PACKAGE_URL ""
| #define STDC_HEADERS 1
| #define HAVE_STDLIB_H 1
| #define HAVE_STRING_H 1
| /* end confdefs.h.  */
| #include <stdio.h>
| #ifdef HAVE_SYS_TYPES_H
| # include <sys/types.h>
| #endif
| #ifdef HAVE_SYS_STAT_H
| # include <sys/stat.h>
| #endif
| #ifdef STDC_HEADERS
| # include <stdlib.h>
| # include <stddef.h>
| #else
| # ifdef HAVE_STDLIB_H
| #  include <stdlib.h>
| # endif
| #endif
| #ifdef HAVE_STRING_H
| # if !defined STDC_HEADERS && defined HAVE_MEMORY_H
| #  include <memory.h>
| # endif
| # include <string.h>
| #endif
| #ifdef HAVE_STRINGS_H
| # include <strings.h>
| #endif
| #ifdef HAVE_INTTYPES_H
| # include <inttypes.h>
| #endif
| #ifdef HAVE_STDINT_H
| # include <stdint.h>
| #endif
| #ifdef HAVE_UNISTD_H
| # include <unistd.h>
| #endif
| 
| #include <strings.h>
configure:3556: result: no
configure:3556: checking for inttypes.h
configure:3556: avr-gcc -c -g -O2  conftest.c >&5
configure:3556: $? = 0
configure:3556: result: yes
configure:3556: checking for stdint.h
configure:3556: avr-gcc -c -g -O2  conftest.c >&5
configure:3556: $? = 0
configure:3556: result: yes
configure:3556: checking for unistd.h
configure:3556: avr-gcc -c -g -O2  conftest.c >&5
conftest.c:48:20: fatal error: unistd.h: No such file or directory
compilation terminated.
configure:3556: $? = 1
configure: failed program was:
| /* confdefs.h */
| #define PACKAGE_NAME "libcoap"
| #define PACKAGE_TARNAME "libcoap"
| #define PACKAGE_VERSION "4.1.1"
| #define PACKAGE_STRING "libcoap 4.1.1"
| #define PACKAGE_BUGREPORT ""
| #define PACKAGE_URL ""
| #define STDC_HEADERS 1
| #define HAVE_STDLIB_H 1
| #define HAVE_STRING_H 1
| #define HAVE_INTTYPES_H 1
| #define HAVE_STDINT_H 1
| /* end confdefs.h.  */
| #include <stdio.h>
| #ifdef HAVE_SYS_TYPES_H
| # include <sys/types.h>
| #endif
| #ifdef HAVE_SYS_STAT_H
| # include <sys/stat.h>
| #endif
| #ifdef STDC_HEADERS
| # include <stdlib.h>
| # include <stddef.h>
| #else
| # ifdef HAVE_STDLIB_H
| #  include <stdlib.h>
| # endif
| #endif
| #ifdef HAVE_STRING_H
| # if !defined STDC_HEADERS && defined HAVE_MEMORY_H
| #  include <memory.h>
| # endif
| # include <string.h>
| #endif
| #ifdef HAVE_STRINGS_H
| # include <strings.h>
| #endif
| #ifdef HAVE_INTTYPES_H
| # include <inttypes.h>
| #endif
| #ifdef HAVE_STDINT_H
| # include <stdint.h>
| #endif
| #ifdef HAVE_UNISTD_H
| # include <unistd.h>
| #endif
| 
| #include <unistd.h>
configure:3556: result: no
configure:3568: checking whether byte ordering is bigendian
configure:3583: avr-gcc -c -g -O2  conftest.c >&5
conftest.c:15:13: error: expected '=', ',', ';', 'asm' or '__attribute__' before 'a'
configure:3583: $? = 1
configure: failed program was:
| /* confdefs.h */
| #define PACKAGE_NAME "libcoap"
| #define PACKAGE_TARNAME "libcoap"
| #define PACKAGE_VERSION "4.1.1"
| #define PACKAGE_STRING "libcoap 4.1.1"
| #define PACKAGE_BUGREPORT ""
| #define PACKAGE_URL ""
| #define STDC_HEADERS 1
| #define HAVE_STDLIB_H 1
| #define HAVE_STRING_H 1
| #define HAVE_INTTYPES_H 1
| #define HAVE_STDINT_H 1
| /* end confdefs.h.  */
| #ifndef __APPLE_CC__
| 	       not a universal capable compiler
| 	     #endif
| 	     typedef int dummy;
| 
configure:3628: avr-gcc -c -g -O2  conftest.c >&5
conftest.c:14:23: fatal error: sys/types.h: No such file or directory
compilation terminated.
configure:3628: $? = 1
configure: failed program was:
| /* confdefs.h */
| #define PACKAGE_NAME "libcoap"
| #define PACKAGE_TARNAME "libcoap"
| #define PACKAGE_VERSION "4.1.1"
| #define PACKAGE_STRING "libcoap 4.1.1"
| #define PACKAGE_BUGREPORT ""
| #define PACKAGE_URL ""
| #define STDC_HEADERS 1
| #define HAVE_STDLIB_H 1
| #define HAVE_STRING_H 1
| #define HAVE_INTTYPES_H 1
| #define HAVE_STDINT_H 1
| /* end confdefs.h.  */
| #include <sys/types.h>
| 	     #include <sys/param.h>
| 
| int
| main ()
| {
| #if ! (defined BYTE_ORDER && defined BIG_ENDIAN 		     && defined LITTLE_ENDIAN && BYTE_ORDER && BIG_ENDIAN 		     && LITTLE_ENDIAN)
| 	      bogus endian macros
| 	     #endif
| 
|   ;
|   return 0;
| }
configure:3672: avr-gcc -c -g -O2  conftest.c >&5
conftest.c: In function 'main':
conftest.c:20:8: error: 'bogus' undeclared (first use in this function)
conftest.c:20:8: note: each undeclared identifier is reported only once for each function it appears in
conftest.c:20:14: error: expected ';' before 'endian'
configure:3672: $? = 1
configure: failed program was:
| /* confdefs.h */
| #define PACKAGE_NAME "libcoap"
| #define PACKAGE_TARNAME "libcoap"
| #define PACKAGE_VERSION "4.1.1"
| #define PACKAGE_STRING "libcoap 4.1.1"
| #define PACKAGE_BUGREPORT ""
| #define PACKAGE_URL ""
| #define STDC_HEADERS 1
| #define HAVE_STDLIB_H 1
| #define HAVE_STRING_H 1
| #define HAVE_INTTYPES_H 1
| #define HAVE_STDINT_H 1
| /* end confdefs.h.  */
| #include <limits.h>
| 
| int
| main ()
| {
| #if ! (defined _LITTLE_ENDIAN || defined _BIG_ENDIAN)
| 	      bogus endian macros
| 	     #endif
| 
|   ;
|   return 0;
| }
configure:3728: avr-gcc -c -g -O2  conftest.c >&5
configure:3728: $? = 0
configure:3774: result: no
configure:3794: checking for coap_new_pdu in -lcoap
configure:3819: avr-gcc -o conftest -g -O2   conftest.c -lcoap   >&5
/usr/lib/gcc/avr/4.5.3/../../../avr/bin/ld: cannot find -lcoap
collect2: ld returned 1 exit status
configure:3819: $? = 1
configure: failed program was:
| /* confdefs.h */
| #define PACKAGE_NAME "libcoap"
| #define PACKAGE_TARNAME "libcoap"
| #define PACKAGE_VERSION "4.1.1"
| #define PACKAGE_STRING "libcoap 4.1.1"
| #define PACKAGE_BUGREPORT ""
| #define PACKAGE_URL ""
| #define STDC_HEADERS 1
| #define HAVE_STDLIB_H 1
| #define HAVE_STRING_H 1
| #define HAVE_INTTYPES_H 1
| #define HAVE_STDINT_H 1
| /* end confdefs.h.  */
| 
| /* Override any GCC internal prototype to avoid an error.
|    Use char because int might match the return type of a GCC
|    builtin and then its argument prototype would still apply.  */
| #ifdef __cplusplus
| extern "C"
| #endif
| char coap_new_pdu ();
| int
| main ()
| {
| return coap_new_pdu ();
|   ;
|   return 0;
| }
configure:3828: result: no
configure:3840: checking for library containing gethostbyname
configure:3871: avr-gcc -o conftest -g -O2   conftest.c  >&5
/tmp/cc5dRuvo.o: In function `main':
/home/sachin/gitrepos/peg_ccfl-core/libcoap-4.1.1/conftest.c:25: undefined reference to `gethostbyname'
collect2: ld returned 1 exit status
configure:3871: $? = 1
configure: failed program was:
| /* confdefs.h */
| #define PACKAGE_NAME "libcoap"
| #define PACKAGE_TARNAME "libcoap"
| #define PACKAGE_VERSION "4.1.1"
| #define PACKAGE_STRING "libcoap 4.1.1"
| #define PACKAGE_BUGREPORT ""
| #define PACKAGE_URL ""
| #define STDC_HEADERS 1
| #define HAVE_STDLIB_H 1
| #define HAVE_STRING_H 1
| #define HAVE_INTTYPES_H 1
| #define HAVE_STDINT_H 1
| /* end confdefs.h.  */
| 
| /* Override any GCC internal prototype to avoid an error.
|    Use char because int might match the return type of a GCC
|    builtin and then its argument prototype would still apply.  */
| #ifdef __cplusplus
| extern "C"
| #endif
| char gethostbyname ();
| int
| main ()
| {
| return gethostbyname ();
|   ;
|   return 0;
| }
configure:3871: avr-gcc -o conftest -g -O2   conftest.c -lnsl   >&5
/usr/lib/gcc/avr/4.5.3/../../../avr/bin/ld: cannot find -lnsl
collect2: ld returned 1 exit status
configure:3871: $? = 1
configure: failed program was:
| /* confdefs.h */
| #define PACKAGE_NAME "libcoap"
| #define PACKAGE_TARNAME "libcoap"
| #define PACKAGE_VERSION "4.1.1"
| #define PACKAGE_STRING "libcoap 4.1.1"
| #define PACKAGE_BUGREPORT ""
| #define PACKAGE_URL ""
| #define STDC_HEADERS 1
| #define HAVE_STDLIB_H 1
| #define HAVE_STRING_H 1
| #define HAVE_INTTYPES_H 1
| #define HAVE_STDINT_H 1
| /* end confdefs.h.  */
| 
| /* Override any GCC internal prototype to avoid an error.
|    Use char because int might match the return type of a GCC
|    builtin and then its argument prototype would still apply.  */
| #ifdef __cplusplus
| extern "C"
| #endif
| char gethostbyname ();
| int
| main ()
| {
| return gethostbyname ();
|   ;
|   return 0;
| }
configure:3888: result: no
configure:3896: checking for library containing socket
configure:3927: avr-gcc -o conftest -g -O2   conftest.c  >&5
/tmp/cczRzsqr.o: In function `main':
/home/sachin/gitrepos/peg_ccfl-core/libcoap-4.1.1/conftest.c:25: undefined reference to `socket'
collect2: ld returned 1 exit status
configure:3927: $? = 1
configure: failed program was:
| /* confdefs.h */
| #define PACKAGE_NAME "libcoap"
| #define PACKAGE_TARNAME "libcoap"
| #define PACKAGE_VERSION "4.1.1"
| #define PACKAGE_STRING "libcoap 4.1.1"
| #define PACKAGE_BUGREPORT ""
| #define PACKAGE_URL ""
| #define STDC_HEADERS 1
| #define HAVE_STDLIB_H 1
| #define HAVE_STRING_H 1
| #define HAVE_INTTYPES_H 1
| #define HAVE_STDINT_H 1
| /* end confdefs.h.  */
| 
| /* Override any GCC internal prototype to avoid an error.
|    Use char because int might match the return type of a GCC
|    builtin and then its argument prototype would still apply.  */
| #ifdef __cplusplus
| extern "C"
| #endif
| char socket ();
| int
| main ()
| {
| return socket ();
|   ;
|   return 0;
| }
configure:3927: avr-gcc -o conftest -g -O2   conftest.c -lsocket   >&5
/usr/lib/gcc/avr/4.5.3/../../../avr/bin/ld: cannot find -lsocket
collect2: ld returned 1 exit status
configure:3927: $? = 1
configure: failed program was:
| /* confdefs.h */
| #define PACKAGE_NAME "libcoap"
| #define PACKAGE_TARNAME "libcoap"
| #define PACKAGE_VERSION "4.1.1"
| #define PACKAGE_STRING "libcoap 4.1.1"
| #define PACKAGE_BUGREPORT ""
| #define PACKAGE_URL ""
| #define STDC_HEADERS 1
| #define HAVE_STDLIB_H 1
| #define HAVE_STRING_H 1
| #define HAVE_INTTYPES_H 1
| #define HAVE_STDINT_H 1
| /* end confdefs.h.  */
| 
| /* Override any GCC internal prototype to avoid an error.
|    Use char because int might match the return type of a GCC
|    builtin and then its argument prototype would still apply.  */
| #ifdef __cplusplus
| extern "C"
| #endif
| char socket ();
| int
| main ()
| {
| return socket ();
|   ;
|   return 0;
| }
configure:3944: result: no
configure:4011: checking assert.h usability
configure:4011: avr-gcc -c -g -O2  -DWITH_POSIX conftest.c >&5
configure:4011: $? = 0
configure:4011: result: yes
configure:4011: checking assert.h presence
configure:4011: avr-gcc -E  -DWITH_POSIX conftest.c
configure:4011: $? = 0
configure:4011: result: yes
configure:4011: checking for assert.h
configure:4011: result: yes
configure:4011: checking arpa/inet.h usability
configure:4011: avr-gcc -c -g -O2  -DWITH_POSIX conftest.c >&5
conftest.c:48:23: fatal error: arpa/inet.h: No such file or directory
compilation terminated.
configure:4011: $? = 1
configure: failed program was:
| /* confdefs.h */
| #define PACKAGE_NAME "libcoap"
| #define PACKAGE_TARNAME "libcoap"
| #define PACKAGE_VERSION "4.1.1"
| #define PACKAGE_STRING "libcoap 4.1.1"
| #define PACKAGE_BUGREPORT ""
| #define PACKAGE_URL ""
| #define STDC_HEADERS 1
| #define HAVE_STDLIB_H 1
| #define HAVE_STRING_H 1
| #define HAVE_INTTYPES_H 1
| #define HAVE_STDINT_H 1
| #define HAVE_ASSERT_H 1
| /* end confdefs.h.  */
| #include <stdio.h>
| #ifdef HAVE_SYS_TYPES_H
| # include <sys/types.h>
| #endif
| #ifdef HAVE_SYS_STAT_H
| # include <sys/stat.h>
| #endif
| #ifdef STDC_HEADERS
| # include <stdlib.h>
| # include <stddef.h>
| #else
| # ifdef HAVE_STDLIB_H
| #  include <stdlib.h>
| # endif
| #endif
| #ifdef HAVE_STRING_H
| # if !defined STDC_HEADERS && defined HAVE_MEMORY_H
| #  include <memory.h>
| # endif
| # include <string.h>
| #endif
| #ifdef HAVE_STRINGS_H
| # include <strings.h>
| #endif
| #ifdef HAVE_INTTYPES_H
| # include <inttypes.h>
| #endif
| #ifdef HAVE_STDINT_H
| # include <stdint.h>
| #endif
| #ifdef HAVE_UNISTD_H
| # include <unistd.h>
| #endif
| #include <arpa/inet.h>
configure:4011: result: no
configure:4011: checking arpa/inet.h presence
configure:4011: avr-gcc -E  -DWITH_POSIX conftest.c
conftest.c:15:23: fatal error: arpa/inet.h: No such file or directory
compilation terminated.
configure:4011: $? = 1
configure: failed program was:
| /* confdefs.h */
| #define PACKAGE_NAME "libcoap"
| #define PACKAGE_TARNAME "libcoap"
| #define PACKAGE_VERSION "4.1.1"
| #define PACKAGE_STRING "libcoap 4.1.1"
| #define PACKAGE_BUGREPORT ""
| #define PACKAGE_URL ""
| #define STDC_HEADERS 1
| #define HAVE_STDLIB_H 1
| #define HAVE_STRING_H 1
| #define HAVE_INTTYPES_H 1
| #define HAVE_STDINT_H 1
| #define HAVE_ASSERT_H 1
| /* end confdefs.h.  */
| #include <arpa/inet.h>
configure:4011: result: no
configure:4011: checking for arpa/inet.h
configure:4011: result: no
configure:4011: checking limits.h usability
configure:4011: avr-gcc -c -g -O2  -DWITH_POSIX conftest.c >&5
configure:4011: $? = 0
configure:4011: result: yes
configure:4011: checking limits.h presence
configure:4011: avr-gcc -E  -DWITH_POSIX conftest.c
configure:4011: $? = 0
configure:4011: result: yes
configure:4011: checking for limits.h
configure:4011: result: yes
configure:4011: checking netdb.h usability
configure:4011: avr-gcc -c -g -O2  -DWITH_POSIX conftest.c >&5
conftest.c:49:19: fatal error: netdb.h: No such file or directory
compilation terminated.
configure:4011: $? = 1
configure: failed program was:
| /* confdefs.h */
| #define PACKAGE_NAME "libcoap"
| #define PACKAGE_TARNAME "libcoap"
| #define PACKAGE_VERSION "4.1.1"
| #define PACKAGE_STRING "libcoap 4.1.1"
| #define PACKAGE_BUGREPORT ""
| #define PACKAGE_URL ""
| #define STDC_HEADERS 1
| #define HAVE_STDLIB_H 1
| #define HAVE_STRING_H 1
| #define HAVE_INTTYPES_H 1
| #define HAVE_STDINT_H 1
| #define HAVE_ASSERT_H 1
| #define HAVE_LIMITS_H 1
| /* end confdefs.h.  */
| #include <stdio.h>
| #ifdef HAVE_SYS_TYPES_H
| # include <sys/types.h>
| #endif
| #ifdef HAVE_SYS_STAT_H
| # include <sys/stat.h>
| #endif
| #ifdef STDC_HEADERS
| # include <stdlib.h>
| # include <stddef.h>
| #else
| # ifdef HAVE_STDLIB_H
| #  include <stdlib.h>
| # endif
| #endif
| #ifdef HAVE_STRING_H
| # if !defined STDC_HEADERS && defined HAVE_MEMORY_H
| #  include <memory.h>
| # endif
| # include <string.h>
| #endif
| #ifdef HAVE_STRINGS_H
| # include <strings.h>
| #endif
| #ifdef HAVE_INTTYPES_H
| # include <inttypes.h>
| #endif
| #ifdef HAVE_STDINT_H
| # include <stdint.h>
| #endif
| #ifdef HAVE_UNISTD_H
| # include <unistd.h>
| #endif
| #include <netdb.h>
configure:4011: result: no
configure:4011: checking netdb.h presence
configure:4011: avr-gcc -E  -DWITH_POSIX conftest.c
conftest.c:16:19: fatal error: netdb.h: No such file or directory
compilation terminated.
configure:4011: $? = 1
configure: failed program was:
| /* confdefs.h */
| #define PACKAGE_NAME "libcoap"
| #define PACKAGE_TARNAME "libcoap"
| #define PACKAGE_VERSION "4.1.1"
| #define PACKAGE_STRING "libcoap 4.1.1"
| #define PACKAGE_BUGREPORT ""
| #define PACKAGE_URL ""
| #define STDC_HEADERS 1
| #define HAVE_STDLIB_H 1
| #define HAVE_STRING_H 1
| #define HAVE_INTTYPES_H 1
| #define HAVE_STDINT_H 1
| #define HAVE_ASSERT_H 1
| #define HAVE_LIMITS_H 1
| /* end confdefs.h.  */
| #include <netdb.h>
configure:4011: result: no
configure:4011: checking for netdb.h
configure:4011: result: no
configure:4011: checking netinet/in.h usability
configure:4011: avr-gcc -c -g -O2  -DWITH_POSIX conftest.c >&5
conftest.c:49:24: fatal error: netinet/in.h: No such file or directory
compilation terminated.
configure:4011: $? = 1
configure: failed program was:
| /* confdefs.h */
| #define PACKAGE_NAME "libcoap"
| #define PACKAGE_TARNAME "libcoap"
| #define PACKAGE_VERSION "4.1.1"
| #define PACKAGE_STRING "libcoap 4.1.1"
| #define PACKAGE_BUGREPORT ""
| #define PACKAGE_URL ""
| #define STDC_HEADERS 1
| #define HAVE_STDLIB_H 1
| #define HAVE_STRING_H 1
| #define HAVE_INTTYPES_H 1
| #define HAVE_STDINT_H 1
| #define HAVE_ASSERT_H 1
| #define HAVE_LIMITS_H 1
| /* end confdefs.h.  */
| #include <stdio.h>
| #ifdef HAVE_SYS_TYPES_H
| # include <sys/types.h>
| #endif
| #ifdef HAVE_SYS_STAT_H
| # include <sys/stat.h>
| #endif
| #ifdef STDC_HEADERS
| # include <stdlib.h>
| # include <stddef.h>
| #else
| # ifdef HAVE_STDLIB_H
| #  include <stdlib.h>
| # endif
| #endif
| #ifdef HAVE_STRING_H
| # if !defined STDC_HEADERS && defined HAVE_MEMORY_H
| #  include <memory.h>
| # endif
| # include <string.h>
| #endif
| #ifdef HAVE_STRINGS_H
| # include <strings.h>
| #endif
| #ifdef HAVE_INTTYPES_H
| # include <inttypes.h>
| #endif
| #ifdef HAVE_STDINT_H
| # include <stdint.h>
| #endif
| #ifdef HAVE_UNISTD_H
| # include <unistd.h>
| #endif
| #include <netinet/in.h>
configure:4011: result: no
configure:4011: checking netinet/in.h presence
configure:4011: avr-gcc -E  -DWITH_POSIX conftest.c
conftest.c:16:24: fatal error: netinet/in.h: No such file or directory
compilation terminated.
configure:4011: $? = 1
configure: failed program was:
| /* confdefs.h */
| #define PACKAGE_NAME "libcoap"
| #define PACKAGE_TARNAME "libcoap"
| #define PACKAGE_VERSION "4.1.1"
| #define PACKAGE_STRING "libcoap 4.1.1"
| #define PACKAGE_BUGREPORT ""
| #define PACKAGE_URL ""
| #define STDC_HEADERS 1
| #define HAVE_STDLIB_H 1
| #define HAVE_STRING_H 1
| #define HAVE_INTTYPES_H 1
| #define HAVE_STDINT_H 1
| #define HAVE_ASSERT_H 1
| #define HAVE_LIMITS_H 1
| /* end confdefs.h.  */
| #include <netinet/in.h>
configure:4011: result: no
configure:4011: checking for netinet/in.h
configure:4011: result: no
configure:4011: checking for stdlib.h
configure:4011: result: yes
configure:4011: checking for string.h
configure:4011: result: yes
configure:4011: checking for strings.h
configure:4011: result: no
configure:4011: checking sys/socket.h usability
configure:4011: avr-gcc -c -g -O2  -DWITH_POSIX conftest.c >&5
conftest.c:51:24: fatal error: sys/socket.h: No such file or directory
compilation terminated.
configure:4011: $? = 1
configure: failed program was:
| /* confdefs.h */
| #define PACKAGE_NAME "libcoap"
| #define PACKAGE_TARNAME "libcoap"
| #define PACKAGE_VERSION "4.1.1"
| #define PACKAGE_STRING "libcoap 4.1.1"
| #define PACKAGE_BUGREPORT ""
| #define PACKAGE_URL ""
| #define STDC_HEADERS 1
| #define HAVE_STDLIB_H 1
| #define HAVE_STRING_H 1
| #define HAVE_INTTYPES_H 1
| #define HAVE_STDINT_H 1
| #define HAVE_ASSERT_H 1
| #define HAVE_LIMITS_H 1
| #define HAVE_STDLIB_H 1
| #define HAVE_STRING_H 1
| /* end confdefs.h.  */
| #include <stdio.h>
| #ifdef HAVE_SYS_TYPES_H
| # include <sys/types.h>
| #endif
| #ifdef HAVE_SYS_STAT_H
| # include <sys/stat.h>
| #endif
| #ifdef STDC_HEADERS
| # include <stdlib.h>
| # include <stddef.h>
| #else
| # ifdef HAVE_STDLIB_H
| #  include <stdlib.h>
| # endif
| #endif
| #ifdef HAVE_STRING_H
| # if !defined STDC_HEADERS && defined HAVE_MEMORY_H
| #  include <memory.h>
| # endif
| # include <string.h>
| #endif
| #ifdef HAVE_STRINGS_H
| # include <strings.h>
| #endif
| #ifdef HAVE_INTTYPES_H
| # include <inttypes.h>
| #endif
| #ifdef HAVE_STDINT_H
| # include <stdint.h>
| #endif
| #ifdef HAVE_UNISTD_H
| # include <unistd.h>
| #endif
| #include <sys/socket.h>
configure:4011: result: no
configure:4011: checking sys/socket.h presence
configure:4011: avr-gcc -E  -DWITH_POSIX conftest.c
conftest.c:18:24: fatal error: sys/socket.h: No such file or directory
compilation terminated.
configure:4011: $? = 1
configure: failed program was:
| /* confdefs.h */
| #define PACKAGE_NAME "libcoap"
| #define PACKAGE_TARNAME "libcoap"
| #define PACKAGE_VERSION "4.1.1"
| #define PACKAGE_STRING "libcoap 4.1.1"
| #define PACKAGE_BUGREPORT ""
| #define PACKAGE_URL ""
| #define STDC_HEADERS 1
| #define HAVE_STDLIB_H 1
| #define HAVE_STRING_H 1
| #define HAVE_INTTYPES_H 1
| #define HAVE_STDINT_H 1
| #define HAVE_ASSERT_H 1
| #define HAVE_LIMITS_H 1
| #define HAVE_STDLIB_H 1
| #define HAVE_STRING_H 1
| /* end confdefs.h.  */
| #include <sys/socket.h>
configure:4011: result: no
configure:4011: checking for sys/socket.h
configure:4011: result: no
configure:4011: checking sys/time.h usability
configure:4011: avr-gcc -c -g -O2  -DWITH_POSIX conftest.c >&5
conftest.c:51:22: fatal error: sys/time.h: No such file or directory
compilation terminated.
configure:4011: $? = 1
configure: failed program was:
| /* confdefs.h */
| #define PACKAGE_NAME "libcoap"
| #define PACKAGE_TARNAME "libcoap"
| #define PACKAGE_VERSION "4.1.1"
| #define PACKAGE_STRING "libcoap 4.1.1"
| #define PACKAGE_BUGREPORT ""
| #define PACKAGE_URL ""
| #define STDC_HEADERS 1
| #define HAVE_STDLIB_H 1
| #define HAVE_STRING_H 1
| #define HAVE_INTTYPES_H 1
| #define HAVE_STDINT_H 1
| #define HAVE_ASSERT_H 1
| #define HAVE_LIMITS_H 1
| #define HAVE_STDLIB_H 1
| #define HAVE_STRING_H 1
| /* end confdefs.h.  */
| #include <stdio.h>
| #ifdef HAVE_SYS_TYPES_H
| # include <sys/types.h>
| #endif
| #ifdef HAVE_SYS_STAT_H
| # include <sys/stat.h>
| #endif
| #ifdef STDC_HEADERS
| # include <stdlib.h>
| # include <stddef.h>
| #else
| # ifdef HAVE_STDLIB_H
| #  include <stdlib.h>
| # endif
| #endif
| #ifdef HAVE_STRING_H
| # if !defined STDC_HEADERS && defined HAVE_MEMORY_H
| #  include <memory.h>
| # endif
| # include <string.h>
| #endif
| #ifdef HAVE_STRINGS_H
| # include <strings.h>
| #endif
| #ifdef HAVE_INTTYPES_H
| # include <inttypes.h>
| #endif
| #ifdef HAVE_STDINT_H
| # include <stdint.h>
| #endif
| #ifdef HAVE_UNISTD_H
| # include <unistd.h>
| #endif
| #include <sys/time.h>
configure:4011: result: no
configure:4011: checking sys/time.h presence
configure:4011: avr-gcc -E  -DWITH_POSIX conftest.c
conftest.c:18:22: fatal error: sys/time.h: No such file or directory
compilation terminated.
configure:4011: $? = 1
configure: failed program was:
| /* confdefs.h */
| #define PACKAGE_NAME "libcoap"
| #define PACKAGE_TARNAME "libcoap"
| #define PACKAGE_VERSION "4.1.1"
| #define PACKAGE_STRING "libcoap 4.1.1"
| #define PACKAGE_BUGREPORT ""
| #define PACKAGE_URL ""
| #define STDC_HEADERS 1
| #define HAVE_STDLIB_H 1
| #define HAVE_STRING_H 1
| #define HAVE_INTTYPES_H 1
| #define HAVE_STDINT_H 1
| #define HAVE_ASSERT_H 1
| #define HAVE_LIMITS_H 1
| #define HAVE_STDLIB_H 1
| #define HAVE_STRING_H 1
| /* end confdefs.h.  */
| #include <sys/time.h>
configure:4011: result: no
configure:4011: checking for sys/time.h
configure:4011: result: no
configure:4011: checking time.h usability
configure:4011: avr-gcc -c -g -O2  -DWITH_POSIX conftest.c >&5
conftest.c:51:18: fatal error: time.h: No such file or directory
compilation terminated.
configure:4011: $? = 1
configure: failed program was:
| /* confdefs.h */
| #define PACKAGE_NAME "libcoap"
| #define PACKAGE_TARNAME "libcoap"
| #define PACKAGE_VERSION "4.1.1"
| #define PACKAGE_STRING "libcoap 4.1.1"
| #define PACKAGE_BUGREPORT ""
| #define PACKAGE_URL ""
| #define STDC_HEADERS 1
| #define HAVE_STDLIB_H 1
| #define HAVE_STRING_H 1
| #define HAVE_INTTYPES_H 1
| #define HAVE_STDINT_H 1
| #define HAVE_ASSERT_H 1
| #define HAVE_LIMITS_H 1
| #define HAVE_STDLIB_H 1
| #define HAVE_STRING_H 1
| /* end confdefs.h.  */
| #include <stdio.h>
| #ifdef HAVE_SYS_TYPES_H
| # include <sys/types.h>
| #endif
| #ifdef HAVE_SYS_STAT_H
| # include <sys/stat.h>
| #endif
| #ifdef STDC_HEADERS
| # include <stdlib.h>
| # include <stddef.h>
| #else
| # ifdef HAVE_STDLIB_H
| #  include <stdlib.h>
| # endif
| #endif
| #ifdef HAVE_STRING_H
| # if !defined STDC_HEADERS && defined HAVE_MEMORY_H
| #  include <memory.h>
| # endif
| # include <string.h>
| #endif
| #ifdef HAVE_STRINGS_H
| # include <strings.h>
| #endif
| #ifdef HAVE_INTTYPES_H
| # include <inttypes.h>
| #endif
| #ifdef HAVE_STDINT_H
| # include <stdint.h>
| #endif
| #ifdef HAVE_UNISTD_H
| # include <unistd.h>
| #endif
| #include <time.h>
configure:4011: result: no
configure:4011: checking time.h presence
configure:4011: avr-gcc -E  -DWITH_POSIX conftest.c
conftest.c:18:18: fatal error: time.h: No such file or directory
compilation terminated.
configure:4011: $? = 1
configure: failed program was:
| /* confdefs.h */
| #define PACKAGE_NAME "libcoap"
| #define PACKAGE_TARNAME "libcoap"
| #define PACKAGE_VERSION "4.1.1"
| #define PACKAGE_STRING "libcoap 4.1.1"
| #define PACKAGE_BUGREPORT ""
| #define PACKAGE_URL ""
| #define STDC_HEADERS 1
| #define HAVE_STDLIB_H 1
| #define HAVE_STRING_H 1
| #define HAVE_INTTYPES_H 1
| #define HAVE_STDINT_H 1
| #define HAVE_ASSERT_H 1
| #define HAVE_LIMITS_H 1
| #define HAVE_STDLIB_H 1
| #define HAVE_STRING_H 1
| /* end confdefs.h.  */
| #include <time.h>
configure:4011: result: no
configure:4011: checking for time.h
configure:4011: result: no
configure:4011: checking for unistd.h
configure:4011: result: no
configure:4011: checking sys/unistd.h usability
configure:4011: avr-gcc -c -g -O2  -DWITH_POSIX conftest.c >&5
conftest.c:51:24: fatal error: sys/unistd.h: No such file or directory
compilation terminated.
configure:4011: $? = 1
configure: failed program was:
| /* confdefs.h */
| #define PACKAGE_NAME "libcoap"
| #define PACKAGE_TARNAME "libcoap"
| #define PACKAGE_VERSION "4.1.1"
| #define PACKAGE_STRING "libcoap 4.1.1"
| #define PACKAGE_BUGREPORT ""
| #define PACKAGE_URL ""
| #define STDC_HEADERS 1
| #define HAVE_STDLIB_H 1
| #define HAVE_STRING_H 1
| #define HAVE_INTTYPES_H 1
| #define HAVE_STDINT_H 1
| #define HAVE_ASSERT_H 1
| #define HAVE_LIMITS_H 1
| #define HAVE_STDLIB_H 1
| #define HAVE_STRING_H 1
| /* end confdefs.h.  */
| #include <stdio.h>
| #ifdef HAVE_SYS_TYPES_H
| # include <sys/types.h>
| #endif
| #ifdef HAVE_SYS_STAT_H
| # include <sys/stat.h>
| #endif
| #ifdef STDC_HEADERS
| # include <stdlib.h>
| # include <stddef.h>
| #else
| # ifdef HAVE_STDLIB_H
| #  include <stdlib.h>
| # endif
| #endif
| #ifdef HAVE_STRING_H
| # if !defined STDC_HEADERS && defined HAVE_MEMORY_H
| #  include <memory.h>
| # endif
| # include <string.h>
| #endif
| #ifdef HAVE_STRINGS_H
| # include <strings.h>
| #endif
| #ifdef HAVE_INTTYPES_H
| # include <inttypes.h>
| #endif
| #ifdef HAVE_STDINT_H
| # include <stdint.h>
| #endif
| #ifdef HAVE_UNISTD_H
| # include <unistd.h>
| #endif
| #include <sys/unistd.h>
configure:4011: result: no
configure:4011: checking sys/unistd.h presence
configure:4011: avr-gcc -E  -DWITH_POSIX conftest.c
conftest.c:18:24: fatal error: sys/unistd.h: No such file or directory
compilation terminated.
configure:4011: $? = 1
configure: failed program was:
| /* confdefs.h */
| #define PACKAGE_NAME "libcoap"
| #define PACKAGE_TARNAME "libcoap"
| #define PACKAGE_VERSION "4.1.1"
| #define PACKAGE_STRING "libcoap 4.1.1"
| #define PACKAGE_BUGREPORT ""
| #define PACKAGE_URL ""
| #define STDC_HEADERS 1
| #define HAVE_STDLIB_H 1
| #define HAVE_STRING_H 1
| #define HAVE_INTTYPES_H 1
| #define HAVE_STDINT_H 1
| #define HAVE_ASSERT_H 1
| #define HAVE_LIMITS_H 1
| #define HAVE_STDLIB_H 1
| #define HAVE_STRING_H 1
| /* end confdefs.h.  */
| #include <sys/unistd.h>
configure:4011: result: no
configure:4011: checking for sys/unistd.h
configure:4011: result: no
configure:4011: checking syslog.h usability
configure:4011: avr-gcc -c -g -O2  -DWITH_POSIX conftest.c >&5
conftest.c:51:20: fatal error: syslog.h: No such file or directory
compilation terminated.
configure:4011: $? = 1
configure: failed program was:
| /* confdefs.h */
| #define PACKAGE_NAME "libcoap"
| #define PACKAGE_TARNAME "libcoap"
| #define PACKAGE_VERSION "4.1.1"
| #define PACKAGE_STRING "libcoap 4.1.1"
| #define PACKAGE_BUGREPORT ""
| #define PACKAGE_URL ""
| #define STDC_HEADERS 1
| #define HAVE_STDLIB_H 1
| #define HAVE_STRING_H 1
| #define HAVE_INTTYPES_H 1
| #define HAVE_STDINT_H 1
| #define HAVE_ASSERT_H 1
| #define HAVE_LIMITS_H 1
| #define HAVE_STDLIB_H 1
| #define HAVE_STRING_H 1
| /* end confdefs.h.  */
| #include <stdio.h>
| #ifdef HAVE_SYS_TYPES_H
| # include <sys/types.h>
| #endif
| #ifdef HAVE_SYS_STAT_H
| # include <sys/stat.h>
| #endif
| #ifdef STDC_HEADERS
| # include <stdlib.h>
| # include <stddef.h>
| #else
| # ifdef HAVE_STDLIB_H
| #  include <stdlib.h>
| # endif
| #endif
| #ifdef HAVE_STRING_H
| # if !defined STDC_HEADERS && defined HAVE_MEMORY_H
| #  include <memory.h>
| # endif
| # include <string.h>
| #endif
| #ifdef HAVE_STRINGS_H
| # include <strings.h>
| #endif
| #ifdef HAVE_INTTYPES_H
| # include <inttypes.h>
| #endif
| #ifdef HAVE_STDINT_H
| # include <stdint.h>
| #endif
| #ifdef HAVE_UNISTD_H
| # include <unistd.h>
| #endif
| #include <syslog.h>
configure:4011: result: no
configure:4011: checking syslog.h presence
configure:4011: avr-gcc -E  -DWITH_POSIX conftest.c
conftest.c:18:20: fatal error: syslog.h: No such file or directory
compilation terminated.
configure:4011: $? = 1
configure: failed program was:
| /* confdefs.h */
| #define PACKAGE_NAME "libcoap"
| #define PACKAGE_TARNAME "libcoap"
| #define PACKAGE_VERSION "4.1.1"
| #define PACKAGE_STRING "libcoap 4.1.1"
| #define PACKAGE_BUGREPORT ""
| #define PACKAGE_URL ""
| #define STDC_HEADERS 1
| #define HAVE_STDLIB_H 1
| #define HAVE_STRING_H 1
| #define HAVE_INTTYPES_H 1
| #define HAVE_STDINT_H 1
| #define HAVE_ASSERT_H 1
| #define HAVE_LIMITS_H 1
| #define HAVE_STDLIB_H 1
| #define HAVE_STRING_H 1
| /* end confdefs.h.  */
| #include <syslog.h>
configure:4011: result: no
configure:4011: checking for syslog.h
configure:4011: result: no
configure:4023: checking for size_t
configure:4023: avr-gcc -c -g -O2  -DWITH_POSIX conftest.c >&5
configure:4023: $? = 0
configure:4023: avr-gcc -c -g -O2  -DWITH_POSIX conftest.c >&5
conftest.c: In function 'main':
conftest.c:54:21: error: expected expression before ')' token
configure:4023: $? = 1
configure: failed program was:
| /* confdefs.h */
| #define PACKAGE_NAME "libcoap"
| #define PACKAGE_TARNAME "libcoap"
| #define PACKAGE_VERSION "4.1.1"
| #define PACKAGE_STRING "libcoap 4.1.1"
| #define PACKAGE_BUGREPORT ""
| #define PACKAGE_URL ""
| #define STDC_HEADERS 1
| #define HAVE_STDLIB_H 1
| #define HAVE_STRING_H 1
| #define HAVE_INTTYPES_H 1
| #define HAVE_STDINT_H 1
| #define HAVE_ASSERT_H 1
| #define HAVE_LIMITS_H 1
| #define HAVE_STDLIB_H 1
| #define HAVE_STRING_H 1
| /* end confdefs.h.  */
| #include <stdio.h>
| #ifdef HAVE_SYS_TYPES_H
| # include <sys/types.h>
| #endif
| #ifdef HAVE_SYS_STAT_H
| # include <sys/stat.h>
| #endif
| #ifdef STDC_HEADERS
| # include <stdlib.h>
| # include <stddef.h>
| #else
| # ifdef HAVE_STDLIB_H
| #  include <stdlib.h>
| # endif
| #endif
| #ifdef HAVE_STRING_H
| # if !defined STDC_HEADERS && defined HAVE_MEMORY_H
| #  include <memory.h>
| # endif
| # include <string.h>
| #endif
| #ifdef HAVE_STRINGS_H
| # include <strings.h>
| #endif
| #ifdef HAVE_INTTYPES_H
| # include <inttypes.h>
| #endif
| #ifdef HAVE_STDINT_H
| # include <stdint.h>
| #endif
| #ifdef HAVE_UNISTD_H
| # include <unistd.h>
| #endif
| int
| main ()
| {
| if (sizeof ((size_t)))
| 	    return 0;
|   ;
|   return 0;
| }
configure:4023: result: yes
configure:4034: checking for ssize_t
configure:4034: avr-gcc -c -g -O2  -DWITH_POSIX conftest.c >&5
conftest.c: In function 'main':
conftest.c:54:13: error: 'ssize_t' undeclared (first use in this function)
conftest.c:54:13: note: each undeclared identifier is reported only once for each function it appears in
configure:4034: $? = 1
configure: failed program was:
| /* confdefs.h */
| #define PACKAGE_NAME "libcoap"
| #define PACKAGE_TARNAME "libcoap"
| #define PACKAGE_VERSION "4.1.1"
| #define PACKAGE_STRING "libcoap 4.1.1"
| #define PACKAGE_BUGREPORT ""
| #define PACKAGE_URL ""
| #define STDC_HEADERS 1
| #define HAVE_STDLIB_H 1
| #define HAVE_STRING_H 1
| #define HAVE_INTTYPES_H 1
| #define HAVE_STDINT_H 1
| #define HAVE_ASSERT_H 1
| #define HAVE_LIMITS_H 1
| #define HAVE_STDLIB_H 1
| #define HAVE_STRING_H 1
| /* end confdefs.h.  */
| #include <stdio.h>
| #ifdef HAVE_SYS_TYPES_H
| # include <sys/types.h>
| #endif
| #ifdef HAVE_SYS_STAT_H
| # include <sys/stat.h>
| #endif
| #ifdef STDC_HEADERS
| # include <stdlib.h>
| # include <stddef.h>
| #else
| # ifdef HAVE_STDLIB_H
| #  include <stdlib.h>
| # endif
| #endif
| #ifdef HAVE_STRING_H
| # if !defined STDC_HEADERS && defined HAVE_MEMORY_H
| #  include <memory.h>
| # endif
| # include <string.h>
| #endif
| #ifdef HAVE_STRINGS_H
| # include <strings.h>
| #endif
| #ifdef HAVE_INTTYPES_H
| # include <inttypes.h>
| #endif
| #ifdef HAVE_STDINT_H
| # include <stdint.h>
| #endif
| #ifdef HAVE_UNISTD_H
| # include <unistd.h>
| #endif
| int
| main ()
| {
| if (sizeof (ssize_t))
| 	 return 0;
|   ;
|   return 0;
| }
configure:4034: result: no
configure:4049: checking for stdlib.h
configure:4049: result: yes
configure:4059: checking for GNU libc compatible malloc
configure:4093: result: no
configure:4117: checking for memset
configure:4117: avr-gcc -o conftest -g -O2  -DWITH_POSIX  conftest.c  >&5
conftest.c:45:6: warning: conflicting types for built-in function 'memset'
configure:4117: $? = 0
configure:4117: result: yes
configure:4117: checking for select
configure:4117: avr-gcc -o conftest -g -O2  -DWITH_POSIX  conftest.c  >&5
/tmp/ccgkOSk6.o: In function `main':
/home/sachin/gitrepos/peg_ccfl-core/libcoap-4.1.1/conftest.c:57: undefined reference to `select'
collect2: ld returned 1 exit status
configure:4117: $? = 1
configure: failed program was:
| /* confdefs.h */
| #define PACKAGE_NAME "libcoap"
| #define PACKAGE_TARNAME "libcoap"
| #define PACKAGE_VERSION "4.1.1"
| #define PACKAGE_STRING "libcoap 4.1.1"
| #define PACKAGE_BUGREPORT ""
| #define PACKAGE_URL ""
| #define STDC_HEADERS 1
| #define HAVE_STDLIB_H 1
| #define HAVE_STRING_H 1
| #define HAVE_INTTYPES_H 1
| #define HAVE_STDINT_H 1
| #define HAVE_ASSERT_H 1
| #define HAVE_LIMITS_H 1
| #define HAVE_STDLIB_H 1
| #define HAVE_STRING_H 1
| #define ssize_t int
| #define HAVE_STDLIB_H 1
| #define HAVE_MALLOC 0
| #define malloc rpl_malloc
| #define HAVE_MEMSET 1
| /* end confdefs.h.  */
| /* Define select to an innocuous variant, in case <limits.h> declares select.
|    For example, HP-UX 11i <limits.h> declares gettimeofday.  */
| #define select innocuous_select
| 
| /* System header to define __stub macros and hopefully few prototypes,
|     which can conflict with char select (); below.
|     Prefer <limits.h> to <assert.h> if __STDC__ is defined, since
|     <limits.h> exists even on freestanding compilers.  */
| 
| #ifdef __STDC__
| # include <limits.h>
| #else
| # include <assert.h>
| #endif
| 
| #undef select
| 
| /* Override any GCC internal prototype to avoid an error.
|    Use char because int might match the return type of a GCC
|    builtin and then its argument prototype would still apply.  */
| #ifdef __cplusplus
| extern "C"
| #endif
| char select ();
| /* The GNU C library defines this for functions which it implements
|     to always fail with ENOSYS.  Some functions are actually named
|     something starting with __ and the normal name is an alias.  */
| #if defined __stub_select || defined __stub___select
| choke me
| #endif
| 
| int
| main ()
| {
| return select ();
|   ;
|   return 0;
| }
configure:4117: result: no
configure:4117: checking for socket
configure:4117: avr-gcc -o conftest -g -O2  -DWITH_POSIX  conftest.c  >&5
/tmp/ccZCmbb9.o: In function `main':
/home/sachin/gitrepos/peg_ccfl-core/libcoap-4.1.1/conftest.c:57: undefined reference to `socket'
collect2: ld returned 1 exit status
configure:4117: $? = 1
configure: failed program was:
| /* confdefs.h */
| #define PACKAGE_NAME "libcoap"
| #define PACKAGE_TARNAME "libcoap"
| #define PACKAGE_VERSION "4.1.1"
| #define PACKAGE_STRING "libcoap 4.1.1"
| #define PACKAGE_BUGREPORT ""
| #define PACKAGE_URL ""
| #define STDC_HEADERS 1
| #define HAVE_STDLIB_H 1
| #define HAVE_STRING_H 1
| #define HAVE_INTTYPES_H 1
| #define HAVE_STDINT_H 1
| #define HAVE_ASSERT_H 1
| #define HAVE_LIMITS_H 1
| #define HAVE_STDLIB_H 1
| #define HAVE_STRING_H 1
| #define ssize_t int
| #define HAVE_STDLIB_H 1
| #define HAVE_MALLOC 0
| #define malloc rpl_malloc
| #define HAVE_MEMSET 1
| /* end confdefs.h.  */
| /* Define socket to an innocuous variant, in case <limits.h> declares socket.
|    For example, HP-UX 11i <limits.h> declares gettimeofday.  */
| #define socket innocuous_socket
| 
| /* System header to define __stub macros and hopefully few prototypes,
|     which can conflict with char socket (); below.
|     Prefer <limits.h> to <assert.h> if __STDC__ is defined, since
|     <limits.h> exists even on freestanding compilers.  */
| 
| #ifdef __STDC__
| # include <limits.h>
| #else
| # include <assert.h>
| #endif
| 
| #undef socket
| 
| /* Override any GCC internal prototype to avoid an error.
|    Use char because int might match the return type of a GCC
|    builtin and then its argument prototype would still apply.  */
| #ifdef __cplusplus
| extern "C"
| #endif
| char socket ();
| /* The GNU C library defines this for functions which it implements
|     to always fail with ENOSYS.  Some functions are actually named
|     something starting with __ and the normal name is an alias.  */
| #if defined __stub_socket || defined __stub___socket
| choke me
| #endif
| 
| int
| main ()
| {
| return socket ();
|   ;
|   return 0;
| }
configure:4117: result: no
configure:4117: checking for strcasecmp
configure:4117: avr-gcc -o conftest -g -O2  -DWITH_POSIX  conftest.c  >&5
conftest.c:46:6: warning: conflicting types for built-in function 'strcasecmp'
configure:4117: $? = 0
configure:4117: result: yes
configure:4117: checking for strrchr
configure:4117: avr-gcc -o conftest -g -O2  -DWITH_POSIX  conftest.c  >&5
conftest.c:47:6: warning: conflicting types for built-in function 'strrchr'
configure:4117: $? = 0
configure:4117: result: yes
configure:4117: checking for getaddrinfo
configure:4117: avr-gcc -o conftest -g -O2  -DWITH_POSIX  conftest.c  >&5
/tmp/cca8ULN8.o: In function `main':
/home/sachin/gitrepos/peg_ccfl-core/libcoap-4.1.1/conftest.c:59: undefined reference to `getaddrinfo'
collect2: ld returned 1 exit status
configure:4117: $? = 1
configure: failed program was:
| /* confdefs.h */
| #define PACKAGE_NAME "libcoap"
| #define PACKAGE_TARNAME "libcoap"
| #define PACKAGE_VERSION "4.1.1"
| #define PACKAGE_STRING "libcoap 4.1.1"
| #define PACKAGE_BUGREPORT ""
| #define PACKAGE_URL ""
| #define STDC_HEADERS 1
| #define HAVE_STDLIB_H 1
| #define HAVE_STRING_H 1
| #define HAVE_INTTYPES_H 1
| #define HAVE_STDINT_H 1
| #define HAVE_ASSERT_H 1
| #define HAVE_LIMITS_H 1
| #define HAVE_STDLIB_H 1
| #define HAVE_STRING_H 1
| #define ssize_t int
| #define HAVE_STDLIB_H 1
| #define HAVE_MALLOC 0
| #define malloc rpl_malloc
| #define HAVE_MEMSET 1
| #define HAVE_STRCASECMP 1
| #define HAVE_STRRCHR 1
| /* end confdefs.h.  */
| /* Define getaddrinfo to an innocuous variant, in case <limits.h> declares getaddrinfo.
|    For example, HP-UX 11i <limits.h> declares gettimeofday.  */
| #define getaddrinfo innocuous_getaddrinfo
| 
| /* System header to define __stub macros and hopefully few prototypes,
|     which can conflict with char getaddrinfo (); below.
|     Prefer <limits.h> to <assert.h> if __STDC__ is defined, since
|     <limits.h> exists even on freestanding compilers.  */
| 
| #ifdef __STDC__
| # include <limits.h>
| #else
| # include <assert.h>
| #endif
| 
| #undef getaddrinfo
| 
| /* Override any GCC internal prototype to avoid an error.
|    Use char because int might match the return type of a GCC
|    builtin and then its argument prototype would still apply.  */
| #ifdef __cplusplus
| extern "C"
| #endif
| char getaddrinfo ();
| /* The GNU C library defines this for functions which it implements
|     to always fail with ENOSYS.  Some functions are actually named
|     something starting with __ and the normal name is an alias.  */
| #if defined __stub_getaddrinfo || defined __stub___getaddrinfo
| choke me
| #endif
| 
| int
| main ()
| {
| return getaddrinfo ();
|   ;
|   return 0;
| }
configure:4117: result: no
configure:4117: checking for strnlen
configure:4117: avr-gcc -o conftest -g -O2  -DWITH_POSIX  conftest.c  >&5
configure:4117: $? = 0
configure:4117: result: yes
configure:4250: creating ./config.status

## ---------------------- ##
## Running config.status. ##
## ---------------------- ##

This file was extended by libcoap config.status 4.1.1, which was
generated by GNU Autoconf 2.69.  Invocation command line was

  CONFIG_FILES    = 
  CONFIG_HEADERS  = 
  CONFIG_LINKS    = 
  CONFIG_COMMANDS = 
  $ ./config.status 

on precious

config.status:814: creating Makefile
config.status:814: creating doc/Makefile
config.status:814: creating doc/Doxyfile
config.status:800: error: cannot find input file: `examples/Makefile.in'

## ---------------- ##
## Cache variables. ##
## ---------------- ##

ac_cv_c_bigendian=no
ac_cv_c_compiler_gnu=yes
ac_cv_env_CC_set=set
ac_cv_env_CC_value=avr-gcc
ac_cv_env_CFLAGS_set=
ac_cv_env_CFLAGS_value=
ac_cv_env_CPPFLAGS_set=
ac_cv_env_CPPFLAGS_value=
ac_cv_env_CPP_set=
ac_cv_env_CPP_value=
ac_cv_env_LDFLAGS_set=
ac_cv_env_LDFLAGS_value=
ac_cv_env_LIBS_set=
ac_cv_env_LIBS_value=
ac_cv_env_build_alias_set=
ac_cv_env_build_alias_value=
ac_cv_env_host_alias_set=set
ac_cv_env_host_alias_value=avr
ac_cv_env_target_alias_set=
ac_cv_env_target_alias_value=
ac_cv_func_getaddrinfo=no
ac_cv_func_malloc_0_nonnull=no
ac_cv_func_memset=yes
ac_cv_func_select=no
ac_cv_func_socket=no
ac_cv_func_strcasecmp=yes
ac_cv_func_strnlen=yes
ac_cv_func_strrchr=yes
ac_cv_header_arpa_inet_h=no
ac_cv_header_assert_h=yes
ac_cv_header_inttypes_h=yes
ac_cv_header_limits_h=yes
ac_cv_header_memory_h=no
ac_cv_header_netdb_h=no
ac_cv_header_netinet_in_h=no
ac_cv_header_stdc=yes
ac_cv_header_stdint_h=yes
ac_cv_header_stdlib_h=yes
ac_cv_header_string_h=yes
ac_cv_header_strings_h=no
ac_cv_header_sys_socket_h=no
ac_cv_header_sys_stat_h=no
ac_cv_header_sys_time_h=no
ac_cv_header_sys_types_h=no
ac_cv_header_sys_unistd_h=no
ac_cv_header_syslog_h=no
ac_cv_header_time_h=no
ac_cv_header_unistd_h=no
ac_cv_lib_coap_coap_new_pdu=no
ac_cv_objext=o
ac_cv_path_DOXYGEN=/usr/bin/doxygen
ac_cv_path_EGREP='/bin/grep -E'
ac_cv_path_ETAGS=/bin/false
ac_cv_path_GREP=/bin/grep
ac_cv_prog_CC=avr-gcc
ac_cv_prog_CPP='avr-gcc -E'
ac_cv_prog_RANLIB=avr-ranlib
ac_cv_prog_cc_c89=
ac_cv_prog_cc_g=yes
ac_cv_prog_make_make_set=yes
ac_cv_search_gethostbyname=no
ac_cv_search_socket=no
ac_cv_type_size_t=yes
ac_cv_type_ssize_t=no

## ----------------- ##
## Output variables. ##
## ----------------- ##

BUILD_SO=''
CC='avr-gcc'
CFLAGS='-g -O2'
CPP='avr-gcc -E'
CPPFLAGS=' -DWITH_POSIX'
DEFS='-DHAVE_CONFIG_H'
DOXYGEN='/usr/bin/doxygen'
ECHO_C=''
ECHO_N='-n'
ECHO_T=''
EGREP='/bin/grep -E'
ETAGS='/bin/false'
EXEEXT=''
GREP='/bin/grep'
LDFLAGS=''
LIBOBJS=' ${LIBOBJDIR}malloc$U.o'
LIBS=''
LTLIBOBJS=' ${LIBOBJDIR}malloc$U.lo'
OBJEXT='o'
PACKAGE_BUGREPORT=''
PACKAGE_NAME='libcoap'
PACKAGE_STRING='libcoap 4.1.1'
PACKAGE_TARNAME='libcoap'
PACKAGE_URL=''
PACKAGE_VERSION='4.1.1'
PATH_SEPARATOR=':'
RANLIB='avr-ranlib'
SET_MAKE=''
SHELL='/bin/bash'
TESTS=''
ac_ct_CC=''
bindir='${exec_prefix}/bin'
build_alias=''
datadir='${datarootdir}'
datarootdir='${prefix}/share'
docdir='${datarootdir}/doc/${PACKAGE_TARNAME}'
dvidir='${docdir}'
exec_prefix='${prefix}'
host_alias='avr'
htmldir='${docdir}'
includedir='${prefix}/include'
infodir='${datarootdir}/info'
libdir='${exec_prefix}/lib'
libexecdir='${exec_prefix}/libexec'
localedir='${datarootdir}/locale'
localstatedir='${prefix}/var'
mandir='${datarootdir}/man'
oldincludedir='/usr/include'
pdfdir='${docdir}'
prefix='/usr/local'
program_transform_name='s,x,x,'
psdir='${docdir}'
sbindir='${exec_prefix}/sbin'
sharedstatedir='${prefix}/com'
sysconfdir='${prefix}/etc'
target_alias=''

## ----------- ##
## confdefs.h. ##
## ----------- ##

/* confdefs.h */
#define PACKAGE_NAME "libcoap"
#define PACKAGE_TARNAME "libcoap"
#define PACKAGE_VERSION "4.1.1"
#define PACKAGE_STRING "libcoap 4.1.1"
#define PACKAGE_BUGREPORT ""
#define PACKAGE_URL ""
#define STDC_HEADERS 1
#define HAVE_STDLIB_H 1
#define HAVE_STRING_H 1
#define HAVE_INTTYPES_H 1
#define HAVE_STDINT_H 1
#define HAVE_ASSERT_H 1
#define HAVE_LIMITS_H 1
#define HAVE_STDLIB_H 1
#define HAVE_STRING_H 1
#define ssize_t int
#define HAVE_STDLIB_H 1
#define HAVE_MALLOC 0
#define malloc rpl_malloc
#define HAVE_MEMSET 1
#define HAVE_STRCASECMP 1
#define HAVE_STRRCHR 1
#define HAVE_STRNLEN 1

configure: exit 1
